<?xml version="1.0" encoding="UTF-8"?>
<!-- Generated by org.testng.reporters.JUnitXMLReporter -->
<testsuite ignored="0" hostname="R14" failures="0" tests="4" name="Default test" time="35.004" errors="0" timestamp="2023-02-21T17:41:18 IST">
  <testcase classname="candere_Mothed_POM.Candere_Motheds" name="SignUp_User" time="3.264"/>
  <testcase classname="candere_Mothed_POM.Candere_Motheds" name="plp_page" time="4.649"/>
  <testcase classname="candere_Mothed_POM.Candere_Motheds" name="PDP_Page" time="8.512"/>
  <testcase classname="candere_Mothed_POM.Candere_Motheds" name="chck_secrty" time="10.67"/>
</testsuite> <!-- Default test -->
