<?xml version="1.0" encoding="UTF-8"?>
<testng-results ignored="0" total="4" passed="4" failed="0" skipped="0">
  <reporter-output>
  </reporter-output>
  <suite started-at="2023-02-21T17:40:43 IST" name="Default suite" finished-at="2023-02-21T17:41:18 IST" duration-ms="35004">
    <groups>
    </groups>
    <test started-at="2023-02-21T17:40:43 IST" name="Default test" finished-at="2023-02-21T17:41:18 IST" duration-ms="35004">
      <class name="candere_Mothed_POM.Candere_Motheds">
        <test-method is-config="true" signature="browse_Url()[pri:0, instance:candere_Mothed_POM.Candere_Motheds@1a451d4d]" started-at="2023-02-21T17:40:43 IST" name="browse_Url" finished-at="2023-02-21T17:40:50 IST" duration-ms="7827" status="PASS">
          <reporter-output>
          </reporter-output>
        </test-method> <!-- browse_Url -->
        <test-method signature="SignUp_User()[pri:1, instance:candere_Mothed_POM.Candere_Motheds@1a451d4d]" started-at="2023-02-21T17:40:50 IST" name="SignUp_User" finished-at="2023-02-21T17:40:54 IST" duration-ms="3264" status="PASS">
          <reporter-output>
          </reporter-output>
        </test-method> <!-- SignUp_User -->
        <test-method signature="plp_page()[pri:2, instance:candere_Mothed_POM.Candere_Motheds@1a451d4d]" started-at="2023-02-21T17:40:54 IST" name="plp_page" finished-at="2023-02-21T17:40:58 IST" duration-ms="4649" status="PASS">
          <reporter-output>
          </reporter-output>
        </test-method> <!-- plp_page -->
        <test-method signature="PDP_Page()[pri:3, instance:candere_Mothed_POM.Candere_Motheds@1a451d4d]" started-at="2023-02-21T17:40:58 IST" name="PDP_Page" finished-at="2023-02-21T17:41:07 IST" duration-ms="8512" status="PASS">
          <reporter-output>
          </reporter-output>
        </test-method> <!-- PDP_Page -->
        <test-method signature="chck_secrty()[pri:4, instance:candere_Mothed_POM.Candere_Motheds@1a451d4d]" started-at="2023-02-21T17:41:07 IST" name="chck_secrty" finished-at="2023-02-21T17:41:18 IST" duration-ms="10670" status="PASS">
          <reporter-output>
          </reporter-output>
        </test-method> <!-- chck_secrty -->
      </class> <!-- candere_Mothed_POM.Candere_Motheds -->
    </test> <!-- Default test -->
  </suite> <!-- Default suite -->
</testng-results>
